Build started 12/11/2014 17:33:07.
     1>Project "D:\GitHub\deferred_shading\deferred_shading\DeferredShading\BaseOpenGL\BaseOpenGL.vcxproj" on node 2 (Build target(s)).
     1>ClCompile:
         C:\Program Files (x86)\Microsoft Visual Studio 11.0\VC\bin\CL.exe /c /I"../../glfw-3.0.2.bin.WIN32/include" /I"../../glew-1.7.0/include" /I"../../glm-0.9.2.4" /I../../soil/src /ZI /nologo /W3 /WX- /Od /Oy- /D WIN32 /D _DEBUG /D _CONSOLE /D _UNICODE /D UNICODE /Gm /EHsc /RTC1 /MDd /GS /fp:precise /Zc:wchar_t /Zc:forScope /Yu"stdafx.h" /Fp"Debug\BaseOpenGL.pch" /Fo"Debug\\" /Fd"Debug\vc110.pdb" /Gd /TP /analyze- /errorReport:prompt BaseOpenGL.cpp BasicRenderableObject.cpp ShaderProgram.cpp
         ShaderProgram.cpp
         BaseOpenGL.cpp
         Generating Code...
         Skipping... (no relevant changes detected)
         BasicRenderableObject.cpp
       Link:
         C:\Program Files (x86)\Microsoft Visual Studio 11.0\VC\bin\link.exe /ERRORREPORT:PROMPT /OUT:"D:\GitHub\deferred_shading\deferred_shading\DeferredShading\Debug\BaseOpenGL.exe" /INCREMENTAL /NOLOGO /LIBPATH:"../../glfw-3.0.2.bin.WIN32/lib-msvc100" /LIBPATH:"../../glew-1.7.0/lib" /LIBPATH:../../soil/projects/VC9/Debug glew32.lib glfw3dll.lib opengl32.lib SOIL.lib kernel32.lib user32.lib gdi32.lib winspool.lib comdlg32.lib advapi32.lib shell32.lib ole32.lib oleaut32.lib uuid.lib odbc32.lib odbccp32.lib /MANIFEST /MANIFESTUAC:"level='asInvoker' uiAccess='false'" /manifest:embed /DEBUG /PDB:"D:\GitHub\deferred_shading\deferred_shading\DeferredShading\Debug\BaseOpenGL.pdb" /SUBSYSTEM:CONSOLE /TLBID:1 /DYNAMICBASE /NXCOMPAT /IMPLIB:"D:\GitHub\deferred_shading\deferred_shading\DeferredShading\Debug\BaseOpenGL.lib" /MACHINE:X86 /SAFESEH Debug\BaseOpenGL.obj
         Debug\Camera.obj
         Debug\ObjectMaterial.obj
         Debug\MultipleRenderTarget.obj
         Debug\Shader.obj
         Debug\ShaderProgram.obj
         Debug\stdafx.obj
         Debug\BasicRenderableObject.obj
         BaseOpenGL.vcxproj -> D:\GitHub\deferred_shading\deferred_shading\DeferredShading\Debug\BaseOpenGL.exe
     1>Done Building Project "D:\GitHub\deferred_shading\deferred_shading\DeferredShading\BaseOpenGL\BaseOpenGL.vcxproj" (Build target(s)).

Build succeeded.

Time Elapsed 00:00:02.10
